<?xml version="1.0" encoding="UTF-8"?>
<testsuite xmlns:xsi="http://www.w3.org/2001/XMLSchema-instance" xsi:noNamespaceSchemaLocation="https://maven.apache.org/surefire/maven-surefire-plugin/xsd/surefire-test-report.xsd" name="org.sakai.box.BoxConnect.AppTest" time="0.038" tests="1" errors="0" skipped="0" failures="0">
  <properties>
    <property name="gopherProxySet" value="false"/>
    <property name="awt.toolkit" value="sun.lwawt.macosx.LWCToolkit"/>
    <property name="file.encoding.pkg" value="sun.io"/>
    <property name="java.specification.version" value="1.8"/>
    <property name="sun.cpu.isalist" value=""/>
    <property name="sun.jnu.encoding" value="UTF-8"/>
    <property name="java.class.path" value="/Users/nisargdabhi/eclipse-workspace/BoxConnect/target/test-classes:/Users/nisargdabhi/eclipse-workspace/BoxConnect/target/classes:/Users/nisargdabhi/.m2/repository/junit/junit/4.11/junit-4.11.jar:/Users/nisargdabhi/.m2/repository/org/hamcrest/hamcrest-core/1.3/hamcrest-core-1.3.jar:/Users/nisargdabhi/.m2/repository/com/box/box-java-sdk/2.17.0/box-java-sdk-2.17.0.jar:/Users/nisargdabhi/.m2/repository/com/eclipsesource/minimal-json/minimal-json/0.9.1/minimal-json-0.9.1.jar:/Users/nisargdabhi/.m2/repository/org/bitbucket/b_c/jose4j/0.4.4/jose4j-0.4.4.jar:/Users/nisargdabhi/.m2/repository/org/slf4j/slf4j-api/1.7.6/slf4j-api-1.7.6.jar:/Users/nisargdabhi/.m2/repository/org/bouncycastle/bcprov-jdk15on/1.52/bcprov-jdk15on-1.52.jar:/Users/nisargdabhi/.m2/repository/org/bouncycastle/bcpkix-jdk15on/1.52/bcpkix-jdk15on-1.52.jar:/Users/nisargdabhi/.m2/repository/org/postgresql/postgresql/42.2.0/postgresql-42.2.0.jar:"/>
    <property name="java.vm.vendor" value="Oracle Corporation"/>
    <property name="sun.arch.data.model" value="64"/>
    <property name="java.vendor.url" value="http://java.oracle.com/"/>
    <property name="user.timezone" value=""/>
    <property name="java.vm.specification.version" value="1.8"/>
    <property name="os.name" value="Mac OS X"/>
    <property name="user.country" value="US"/>
    <property name="sun.java.launcher" value="SUN_STANDARD"/>
    <property name="sun.boot.library.path" value="/Library/Java/JavaVirtualMachines/jdk1.8.0_161.jdk/Contents/Home/jre/lib"/>
    <property name="sun.java.command" value="/Users/nisargdabhi/eclipse-workspace/BoxConnect/target/surefire/surefirebooter3942578506781836537.jar /Users/nisargdabhi/eclipse-workspace/BoxConnect/target/surefire 2018-04-11T17-49-23_281-jvmRun1 surefire2935816790048044630tmp surefire_06788544734037944322tmp"/>
    <property name="http.nonProxyHosts" value="local|*.local|169.254/16|*.169.254/16"/>
    <property name="surefire.test.class.path" value="/Users/nisargdabhi/eclipse-workspace/BoxConnect/target/test-classes:/Users/nisargdabhi/eclipse-workspace/BoxConnect/target/classes:/Users/nisargdabhi/.m2/repository/junit/junit/4.11/junit-4.11.jar:/Users/nisargdabhi/.m2/repository/org/hamcrest/hamcrest-core/1.3/hamcrest-core-1.3.jar:/Users/nisargdabhi/.m2/repository/com/box/box-java-sdk/2.17.0/box-java-sdk-2.17.0.jar:/Users/nisargdabhi/.m2/repository/com/eclipsesource/minimal-json/minimal-json/0.9.1/minimal-json-0.9.1.jar:/Users/nisargdabhi/.m2/repository/org/bitbucket/b_c/jose4j/0.4.4/jose4j-0.4.4.jar:/Users/nisargdabhi/.m2/repository/org/slf4j/slf4j-api/1.7.6/slf4j-api-1.7.6.jar:/Users/nisargdabhi/.m2/repository/org/bouncycastle/bcprov-jdk15on/1.52/bcprov-jdk15on-1.52.jar:/Users/nisargdabhi/.m2/repository/org/bouncycastle/bcpkix-jdk15on/1.52/bcpkix-jdk15on-1.52.jar:/Users/nisargdabhi/.m2/repository/org/postgresql/postgresql/42.2.0/postgresql-42.2.0.jar:"/>
    <property name="sun.cpu.endian" value="little"/>
    <property name="user.home" value="/Users/nisargdabhi"/>
    <property name="user.language" value="en"/>
    <property name="java.specification.vendor" value="Oracle Corporation"/>
    <property name="java.home" value="/Library/Java/JavaVirtualMachines/jdk1.8.0_161.jdk/Contents/Home/jre"/>
    <property name="basedir" value="/Users/nisargdabhi/eclipse-workspace/BoxConnect"/>
    <property name="file.separator" value="/"/>
    <property name="line.separator" value="&#10;"/>
    <property name="java.vm.specification.vendor" value="Oracle Corporation"/>
    <property name="java.specification.name" value="Java Platform API Specification"/>
    <property name="java.awt.graphicsenv" value="sun.awt.CGraphicsEnvironment"/>
    <property name="surefire.real.class.path" value="/Users/nisargdabhi/eclipse-workspace/BoxConnect/target/surefire/surefirebooter3942578506781836537.jar"/>
    <property name="sun.boot.class.path" value="/Library/Java/JavaVirtualMachines/jdk1.8.0_161.jdk/Contents/Home/jre/lib/resources.jar:/Library/Java/JavaVirtualMachines/jdk1.8.0_161.jdk/Contents/Home/jre/lib/rt.jar:/Library/Java/JavaVirtualMachines/jdk1.8.0_161.jdk/Contents/Home/jre/lib/sunrsasign.jar:/Library/Java/JavaVirtualMachines/jdk1.8.0_161.jdk/Contents/Home/jre/lib/jsse.jar:/Library/Java/JavaVirtualMachines/jdk1.8.0_161.jdk/Contents/Home/jre/lib/jce.jar:/Library/Java/JavaVirtualMachines/jdk1.8.0_161.jdk/Contents/Home/jre/lib/charsets.jar:/Library/Java/JavaVirtualMachines/jdk1.8.0_161.jdk/Contents/Home/jre/lib/jfr.jar:/Library/Java/JavaVirtualMachines/jdk1.8.0_161.jdk/Contents/Home/jre/classes"/>
    <property name="sun.management.compiler" value="HotSpot 64-Bit Tiered Compilers"/>
    <property name="ftp.nonProxyHosts" value="local|*.local|169.254/16|*.169.254/16"/>
    <property name="java.runtime.version" value="1.8.0_161-b12"/>
    <property name="user.name" value="nisargdabhi"/>
    <property name="path.separator" value=":"/>
    <property name="os.version" value="10.13.3"/>
    <property name="java.endorsed.dirs" value="/Library/Java/JavaVirtualMachines/jdk1.8.0_161.jdk/Contents/Home/jre/lib/endorsed"/>
    <property name="java.runtime.name" value="Java(TM) SE Runtime Environment"/>
    <property name="file.encoding" value="UTF-8"/>
    <property name="java.vm.name" value="Java HotSpot(TM) 64-Bit Server VM"/>
    <property name="localRepository" value="/Users/nisargdabhi/.m2/repository"/>
    <property name="java.vendor.url.bug" value="http://bugreport.sun.com/bugreport/"/>
    <property name="java.io.tmpdir" value="/var/folders/nx/cp5vt091237bxvpnb3y08cmc0000gn/T/"/>
    <property name="java.version" value="1.8.0_161"/>
    <property name="user.dir" value="/Users/nisargdabhi/eclipse-workspace/BoxConnect"/>
    <property name="os.arch" value="x86_64"/>
    <property name="java.vm.specification.name" value="Java Virtual Machine Specification"/>
    <property name="java.awt.printerjob" value="sun.lwawt.macosx.CPrinterJob"/>
    <property name="sun.os.patch.level" value="unknown"/>
    <property name="java.library.path" value="/Users/nisargdabhi/Library/Java/Extensions:/Library/Java/Extensions:/Network/Library/Java/Extensions:/System/Library/Java/Extensions:/usr/lib/java:."/>
    <property name="java.vm.info" value="mixed mode"/>
    <property name="java.vendor" value="Oracle Corporation"/>
    <property name="java.vm.version" value="25.161-b12"/>
    <property name="java.ext.dirs" value="/Users/nisargdabhi/Library/Java/Extensions:/Library/Java/JavaVirtualMachines/jdk1.8.0_161.jdk/Contents/Home/jre/lib/ext:/Library/Java/Extensions:/Network/Library/Java/Extensions:/System/Library/Java/Extensions:/usr/lib/java"/>
    <property name="sun.io.unicode.encoding" value="UnicodeBig"/>
    <property name="java.class.version" value="52.0"/>
    <property name="socksNonProxyHosts" value="local|*.local|169.254/16|*.169.254/16"/>
  </properties>
  <testcase name="shouldAnswerWithTrue" classname="org.sakai.box.BoxConnect.AppTest" time="0.002"/>
</testsuite>